------------------------------------------------------------------------------------------------------------------------

[2015-03-06 18:12:13 #1 store] 
Database 'C:\Users\Nicholas\Documents\tuks\Y4S1\COS332\pracs\prac4\db\contacts.odb' is opened by 8784@Nick

[2015-03-06 18:12:13 #2 type.registry] 
New type httpserver.database.Contact

[2015-03-06 18:12:13 #3 type] 
Type httpserver.database.Contact is not enhanced.

------------------------------------------------------------------------------------------------------------------------

[2015-03-06 18:15:44 #1 store] 
Database 'C:\Users\Nicholas\Documents\tuks\Y4S1\COS332\pracs\prac4\db\contacts.odb' has been recovered (tr. 1-3)

[2015-03-06 18:15:44 #2 store] 
Database 'C:\Users\Nicholas\Documents\tuks\Y4S1\COS332\pracs\prac4\db\contacts.odb' is opened by 5204@Nick

[2015-03-06 18:15:44 #3 type] 
Type httpserver.database.Contact is not enhanced.

------------------------------------------------------------------------------------------------------------------------

[2015-03-06 18:18:02 #1 store] 
Database 'C:\Users\Nicholas\Documents\tuks\Y4S1\COS332\pracs\prac4\db\contacts.odb' is opened by 2428@Nick

[2015-03-06 18:18:02 #2 type] 
Type httpserver.database.Contact is not enhanced.

------------------------------------------------------------------------------------------------------------------------

[2015-03-06 18:23:25 #1 store] 
Database 'C:\Users\Nicholas\Documents\tuks\Y4S1\COS332\pracs\prac4\db\contacts.odb' is opened by 6656@Nick

[2015-03-06 18:23:25 #2 type] 
Type httpserver.database.Contact is not enhanced.

------------------------------------------------------------------------------------------------------------------------

[2015-03-06 18:25:20 #1 store] 
Database 'C:\Users\Nicholas\Documents\tuks\Y4S1\COS332\pracs\prac4\db\contacts.odb' has been recovered (tr. 4-4)

[2015-03-06 18:25:20 #2 store] 
Database 'C:\Users\Nicholas\Documents\tuks\Y4S1\COS332\pracs\prac4\db\contacts.odb' is opened by 4324@Nick

[2015-03-06 18:25:20 #3 type] 
Type httpserver.database.Contact is not enhanced.

------------------------------------------------------------------------------------------------------------------------

[2015-03-06 18:25:53 #1 store] 
Database 'C:\Users\Nicholas\Documents\tuks\Y4S1\COS332\pracs\prac4\db\contacts.odb' is opened by 1896@Nick

[2015-03-06 18:25:53 #2 type] 
Type httpserver.database.Contact is not enhanced.

------------------------------------------------------------------------------------------------------------------------

[2015-03-06 18:28:00 #1 store] 
Database 'C:\Users\Nicholas\Documents\tuks\Y4S1\COS332\pracs\prac4\db\contacts.odb' is opened by 8196@Nick

[2015-03-06 18:28:00 #2 type] 
Type httpserver.database.Contact is not enhanced.

------------------------------------------------------------------------------------------------------------------------

[2015-03-06 18:29:59 #1 store] 
Database 'C:\Users\Nicholas\Documents\tuks\Y4S1\COS332\pracs\prac4\db\contacts.odb' has been recovered (tr. 5-5)

[2015-03-06 18:29:59 #2 store] 
Database 'C:\Users\Nicholas\Documents\tuks\Y4S1\COS332\pracs\prac4\db\contacts.odb' is opened by 1540@Nick

[2015-03-06 18:29:59 #3 type] 
Type httpserver.database.Contact is not enhanced.

------------------------------------------------------------------------------------------------------------------------

[2015-03-06 18:31:07 #1 store] 
Database 'C:\Users\Nicholas\Documents\tuks\Y4S1\COS332\pracs\prac4\db\contacts.odb' is opened by 5924@Nick

[2015-03-06 18:31:08 #2 type] 
Type httpserver.database.Contact is not enhanced.

